<?xml version="1.0" encoding="UTF-8"?>
<testsuite xmlns:xsi="http://www.w3.org/2001/XMLSchema-instance" xsi:noNamespaceSchemaLocation="https://maven.apache.org/surefire/maven-surefire-plugin/xsd/surefire-test-report-3.0.xsd" version="3.0" name="healthcalc.bdd.RunCucumberTest" time="0.679" tests="19" errors="0" skipped="0" failures="0">
  <properties>
[...]
</properties>
  <testcase name="Example #1" classname="Examples" time="0.239">
    <system-out><![CDATA[
@tag @tag1
Scenario Outline: Genero invalido                                           &amp#27;[90m# healthcalc/HistoriaUsuario1.feature:33&amp#27;[0m
  &amp#27;[32mGiven &amp#27;[0m&amp#27;[32mTengo una calculadora de salud&amp#27;[0m                                      &amp#27;[90m# healthcalc.bdd.StepDefinitions.tengo_una_calculadora_de_salud()&amp#27;[0m
  &amp#27;[32mAnd &amp#27;[0m&amp#27;[32mIntroduzco el genero &amp#27;[0m&amp#27;[32m&amp#27;[1m"x"&amp#27;[0m                                              &amp#27;[90m# healthcalc.bdd.StepDefinitions.introduzco_el_genero(java.lang.String)&amp#27;[0m
  &amp#27;[32mAnd &amp#27;[0m&amp#27;[32mIntroduzco la altura &amp#27;[0m&amp#27;[32m&amp#27;[1m"160"&amp#27;[0m                                            &amp#27;[90m# healthcalc.bdd.StepDefinitions.introduzco_la_altura(java.lang.String)&amp#27;[0m
  &amp#27;[32mWhen &amp#27;[0m&amp#27;[32mCalcular el peso ideal&amp#27;[0m                                               &amp#27;[90m# healthcalc.bdd.StepDefinitions.calcular_el_peso_ideal()&amp#27;[0m
  &amp#27;[32mThen &amp#27;[0m&amp#27;[32mEl sistema lanza una excepcion indicando que el genero es incorrecto&amp#27;[0m &amp#27;[90m# healthcalc.bdd.StepDefinitions.el_sistema_lanza_una_excepcion_indicando_que_el_genero_es_incorrecto()&amp#27;[0m
]]></system-out>
  </testcase>
  <testcase name="Example #1" classname="Examples" time="0.016">
    <system-out><![CDATA[
@tag @tag2
Scenario Outline: Altura invalida                                           &amp#27;[90m# healthcalc/HistoriaUsuario1.feature:46&amp#27;[0m
  &amp#27;[32mGiven &amp#27;[0m&amp#27;[32mTengo una calculadora de salud&amp#27;[0m                                      &amp#27;[90m# healthcalc.bdd.StepDefinitions.tengo_una_calculadora_de_salud()&amp#27;[0m
  &amp#27;[32mAnd &amp#27;[0m&amp#27;[32mIntroduzco la altura &amp#27;[0m&amp#27;[32m&amp#27;[1m"0"&amp#27;[0m                                              &amp#27;[90m# healthcalc.bdd.StepDefinitions.introduzco_la_altura(java.lang.String)&amp#27;[0m
  &amp#27;[32mAnd &amp#27;[0m&amp#27;[32mIntroduzco el genero &amp#27;[0m&amp#27;[32m&amp#27;[1m"m"&amp#27;[0m                                              &amp#27;[90m# healthcalc.bdd.StepDefinitions.introduzco_el_genero(java.lang.String)&amp#27;[0m
  &amp#27;[32mWhen &amp#27;[0m&amp#27;[32mCalcular el peso ideal&amp#27;[0m                                               &amp#27;[90m# healthcalc.bdd.StepDefinitions.calcular_el_peso_ideal()&amp#27;[0m
  &amp#27;[32mThen &amp#27;[0m&amp#27;[32mEl sistema lanza una excepcion indicando que la altura es incorrecta&amp#27;[0m &amp#27;[90m# healthcalc.bdd.StepDefinitions.el_sistema_lanza_una_excepcion_indicando_que_la_altura_es_incorrecta()&amp#27;[0m
]]></system-out>
  </testcase>
  <testcase name="Example #1" classname="Examples" time="0.019">
    <system-out><![CDATA[
@tag @tag3
Scenario Outline: Calcular con la altura y el genero validos &amp#27;[90m# healthcalc/HistoriaUsuario1.feature:59&amp#27;[0m
  &amp#27;[32mGiven &amp#27;[0m&amp#27;[32mTengo una calculadora de salud&amp#27;[0m                       &amp#27;[90m# healthcalc.bdd.StepDefinitions.tengo_una_calculadora_de_salud()&amp#27;[0m
  &amp#27;[32mAnd &amp#27;[0m&amp#27;[32mIntroduzco la altura &amp#27;[0m&amp#27;[32m&amp#27;[1m"150"&amp#27;[0m                             &amp#27;[90m# healthcalc.bdd.StepDefinitions.introduzco_la_altura(java.lang.String)&amp#27;[0m
  &amp#27;[32mAnd &amp#27;[0m&amp#27;[32mIntroduzco el genero &amp#27;[0m&amp#27;[32m&amp#27;[1m"m"&amp#27;[0m                               &amp#27;[90m# healthcalc.bdd.StepDefinitions.introduzco_el_genero(java.lang.String)&amp#27;[0m
  &amp#27;[32mWhen &amp#27;[0m&amp#27;[32mCalcular el peso ideal&amp#27;[0m                                &amp#27;[90m# healthcalc.bdd.StepDefinitions.calcular_el_peso_ideal()&amp#27;[0m
  &amp#27;[32mThen &amp#27;[0m&amp#27;[32mSe muestra el resultado &amp#27;[0m&amp#27;[32m&amp#27;[1m50.0&amp#27;[0m                          &amp#27;[90m# healthcalc.bdd.StepDefinitions.se_muestra_el_resultado(java.lang.Double)&amp#27;[0m
]]></system-out>
  </testcase>
  <testcase name="Example #1" classname="Examples" time="0.012">
    <system-out><![CDATA[
@tag @tag4
Scenario Outline: Genero vacio                                               &amp#27;[90m# healthcalc/HistoriaUsuario1.feature:73&amp#27;[0m
  &amp#27;[32mGiven &amp#27;[0m&amp#27;[32mTengo una calculadora de salud&amp#27;[0m                                       &amp#27;[90m# healthcalc.bdd.StepDefinitions.tengo_una_calculadora_de_salud()&amp#27;[0m
  &amp#27;[32mAnd &amp#27;[0m&amp#27;[32mel genero no tiene valor&amp#27;[0m                                               &amp#27;[90m# healthcalc.bdd.StepDefinitions.el_genero_no_tiene_valor()&amp#27;[0m
  &amp#27;[32mAnd &amp#27;[0m&amp#27;[32mIntroduzco la altura &amp#27;[0m&amp#27;[32m&amp#27;[1m"160"&amp#27;[0m                                             &amp#27;[90m# healthcalc.bdd.StepDefinitions.introduzco_la_altura(java.lang.String)&amp#27;[0m
  &amp#27;[32mWhen &amp#27;[0m&amp#27;[32mCalcular el peso ideal&amp#27;[0m                                                &amp#27;[90m# healthcalc.bdd.StepDefinitions.calcular_el_peso_ideal()&amp#27;[0m
  &amp#27;[32mThen &amp#27;[0m&amp#27;[32mEl sistema lanza una excepcion indicando que el genero es obligatorio&amp#27;[0m &amp#27;[90m# healthcalc.bdd.StepDefinitions.el_sistema_lanza_una_excepcion_indicando_que_el_genero_es_obligatorio()&amp#27;[0m
]]></system-out>
  </testcase>
  <testcase name="Example #1" classname="Examples" time="0.008">
    <system-out><![CDATA[
@tag @tag1
Scenario Outline: Edad invalida                                           &amp#27;[90m# healthcalc/HistoriaUsuario2.feature:36&amp#27;[0m
  &amp#27;[32mGiven &amp#27;[0m&amp#27;[32mTengo una calculadora de salud&amp#27;[0m                                    &amp#27;[90m# healthcalc.bdd.StepDefinitions.tengo_una_calculadora_de_salud()&amp#27;[0m
  &amp#27;[32mAnd &amp#27;[0m&amp#27;[32mEdad introducida es &amp#27;[0m&amp#27;[32m&amp#27;[1m"900"&amp#27;[0m                                           &amp#27;[90m# healthcalc.bdd.StepDefinitions.edad_introducida_es(java.lang.String)&amp#27;[0m
  &amp#27;[32mAnd &amp#27;[0m&amp#27;[32mIntroduzco la altura &amp#27;[0m&amp#27;[32m&amp#27;[1m"160"&amp#27;[0m                                          &amp#27;[90m# healthcalc.bdd.StepDefinitions.introduzco_la_altura(java.lang.String)&amp#27;[0m
  &amp#27;[32mAnd &amp#27;[0m&amp#27;[32mIntroduzco el peso &amp#27;[0m&amp#27;[32m&amp#27;[1m"120"&amp#27;[0m                                            &amp#27;[90m# healthcalc.bdd.StepDefinitions.introduzco_el_peso(java.lang.String)&amp#27;[0m
  &amp#27;[32mAnd &amp#27;[0m&amp#27;[32mIntroduzco el genero &amp#27;[0m&amp#27;[32m&amp#27;[1m"m"&amp#27;[0m                                            &amp#27;[90m# healthcalc.bdd.StepDefinitions.introduzco_el_genero(java.lang.String)&amp#27;[0m
  &amp#27;[32mWhen &amp#27;[0m&amp#27;[32mCalcular TasaMetabolica&amp#27;[0m                                            &amp#27;[90m# healthcalc.bdd.StepDefinitions.calcular_tasa_metabolica()&amp#27;[0m
  &amp#27;[32mThen &amp#27;[0m&amp#27;[32mEl sistema lanza una excepcion indicando que la edad es incorrecto&amp#27;[0m &amp#27;[90m# healthcalc.bdd.StepDefinitions.el_sistema_lanza_una_excepcion_indicando_que_la_edad_es_incorrecto()&amp#27;[0m
]]></system-out>
  </testcase>
  <testcase name="Example #1" classname="Examples" time="0.007">
    <system-out><![CDATA[
@tag @tag2
Scenario Outline: Introduzco peso invalido                                &amp#27;[90m# healthcalc/HistoriaUsuario2.feature:50&amp#27;[0m
  &amp#27;[32mGiven &amp#27;[0m&amp#27;[32mTengo una calculadora de salud&amp#27;[0m                                    &amp#27;[90m# healthcalc.bdd.StepDefinitions.tengo_una_calculadora_de_salud()&amp#27;[0m
  &amp#27;[32mAnd &amp#27;[0m&amp#27;[32mIntroduzco el peso &amp#27;[0m&amp#27;[32m&amp#27;[1m"700"&amp#27;[0m                                            &amp#27;[90m# healthcalc.bdd.StepDefinitions.introduzco_el_peso(java.lang.String)&amp#27;[0m
  &amp#27;[32mAnd &amp#27;[0m&amp#27;[32mIntroduzco el genero &amp#27;[0m&amp#27;[32m&amp#27;[1m"m"&amp#27;[0m                                            &amp#27;[90m# healthcalc.bdd.StepDefinitions.introduzco_el_genero(java.lang.String)&amp#27;[0m
  &amp#27;[32mAnd &amp#27;[0m&amp#27;[32mIntroduzco la altura &amp#27;[0m&amp#27;[32m&amp#27;[1m"160"&amp#27;[0m                                          &amp#27;[90m# healthcalc.bdd.StepDefinitions.introduzco_la_altura(java.lang.String)&amp#27;[0m
  &amp#27;[32mAnd &amp#27;[0m&amp#27;[32mEdad introducida es &amp#27;[0m&amp#27;[32m&amp#27;[1m"25"&amp#27;[0m                                            &amp#27;[90m# healthcalc.bdd.StepDefinitions.edad_introducida_es(java.lang.String)&amp#27;[0m
  &amp#27;[32mWhen &amp#27;[0m&amp#27;[32mCalcular TasaMetabolica&amp#27;[0m                                            &amp#27;[90m# healthcalc.bdd.StepDefinitions.calcular_tasa_metabolica()&amp#27;[0m
  &amp#27;[32mThen &amp#27;[0m&amp#27;[32mEl sistema lanza una excepcion indicando que el peso es incorrecto&amp#27;[0m &amp#27;[90m# healthcalc.bdd.StepDefinitions.el_sistema_lanza_una_excepcion_indicando_que_el_peso_es_incorrecto()&amp#27;[0m
]]></system-out>
  </testcase>
  <testcase name="Example #1" classname="Examples" time="0.009">
    <system-out><![CDATA[
@tag @tag3
Scenario Outline: Calcular con el genero, altura, peso y edad validos &amp#27;[90m# healthcalc/HistoriaUsuario2.feature:63&amp#27;[0m
  &amp#27;[32mGiven &amp#27;[0m&amp#27;[32mTengo una calculadora de salud&amp#27;[0m                                &amp#27;[90m# healthcalc.bdd.StepDefinitions.tengo_una_calculadora_de_salud()&amp#27;[0m
  &amp#27;[32mAnd &amp#27;[0m&amp#27;[32mIntroduzco el genero &amp#27;[0m&amp#27;[32m&amp#27;[1m"m"&amp#27;[0m                                        &amp#27;[90m# healthcalc.bdd.StepDefinitions.introduzco_el_genero(java.lang.String)&amp#27;[0m
  &amp#27;[32mAnd &amp#27;[0m&amp#27;[32mIntroduzco la altura &amp#27;[0m&amp#27;[32m&amp#27;[1m"160"&amp#27;[0m                                      &amp#27;[90m# healthcalc.bdd.StepDefinitions.introduzco_la_altura(java.lang.String)&amp#27;[0m
  &amp#27;[32mAnd &amp#27;[0m&amp#27;[32mIntroduzco el peso &amp#27;[0m&amp#27;[32m&amp#27;[1m"120"&amp#27;[0m                                        &amp#27;[90m# healthcalc.bdd.StepDefinitions.introduzco_el_peso(java.lang.String)&amp#27;[0m
  &amp#27;[32mAnd &amp#27;[0m&amp#27;[32mEdad introducida es &amp#27;[0m&amp#27;[32m&amp#27;[1m"25"&amp#27;[0m                                        &amp#27;[90m# healthcalc.bdd.StepDefinitions.edad_introducida_es(java.lang.String)&amp#27;[0m
  &amp#27;[32mWhen &amp#27;[0m&amp#27;[32mCalcular TasaMetabolica&amp#27;[0m                                        &amp#27;[90m# healthcalc.bdd.StepDefinitions.calcular_tasa_metabolica()&amp#27;[0m
  &amp#27;[32mThen &amp#27;[0m&amp#27;[32mSe muestra el resultado &amp#27;[0m&amp#27;[32m&amp#27;[1m2321.916748046875&amp#27;[0m                      &amp#27;[90m# healthcalc.bdd.StepDefinitions.se_muestra_el_resultado(java.lang.Double)&amp#27;[0m
]]></system-out>
  </testcase>
  <testcase name="Example #1" classname="Examples" time="0.017">
    <system-out><![CDATA[
@tag @tag4
Scenario Outline: Edad vacio                                                    &amp#27;[90m# healthcalc/HistoriaUsuario2.feature:79&amp#27;[0m
  &amp#27;[32mGiven &amp#27;[0m&amp#27;[32mTengo una calculadora de salud&amp#27;[0m                                          &amp#27;[90m# healthcalc.bdd.StepDefinitions.tengo_una_calculadora_de_salud()&amp#27;[0m
  &amp#27;[32mAnd &amp#27;[0m&amp#27;[32mla edad no tiene valor&amp#27;[0m                                                    &amp#27;[90m# healthcalc.bdd.StepDefinitions.la_edad_no_tiene_valor()&amp#27;[0m
  &amp#27;[32mAnd &amp#27;[0m&amp#27;[32mIntroduzco el peso &amp#27;[0m&amp#27;[32m&amp#27;[1m"120"&amp#27;[0m                                                  &amp#27;[90m# healthcalc.bdd.StepDefinitions.introduzco_el_peso(java.lang.String)&amp#27;[0m
  &amp#27;[32mAnd &amp#27;[0m&amp#27;[32mIntroduzco la altura &amp#27;[0m&amp#27;[32m&amp#27;[1m"160"&amp#27;[0m                                                &amp#27;[90m# healthcalc.bdd.StepDefinitions.introduzco_la_altura(java.lang.String)&amp#27;[0m
  &amp#27;[32mAnd &amp#27;[0m&amp#27;[32mIntroduzco el genero &amp#27;[0m&amp#27;[32m&amp#27;[1m"m"&amp#27;[0m                                                  &amp#27;[90m# healthcalc.bdd.StepDefinitions.introduzco_el_genero(java.lang.String)&amp#27;[0m
  &amp#27;[32mWhen &amp#27;[0m&amp#27;[32mCalcular TasaMetabolica&amp#27;[0m                                                  &amp#27;[90m# healthcalc.bdd.StepDefinitions.calcular_tasa_metabolica()&amp#27;[0m
  &amp#27;[32mThen &amp#27;[0m&amp#27;[32mse muestra un error por la pantalla indicando que la edad es obligatorio&amp#27;[0m &amp#27;[90m# healthcalc.bdd.StepDefinitions.se_muestra_un_error_por_la_pantalla_indicando_que_la_edad_es_obligatorio()&amp#27;[0m
]]></system-out>
  </testcase>
  <testcase name="Example #2" classname="Examples" time="0.015">
    <system-out><![CDATA[
@tag @tag1
Scenario Outline: Genero invalido                                           &amp#27;[90m# healthcalc/HistoriaUsuario1.feature:34&amp#27;[0m
  &amp#27;[32mGiven &amp#27;[0m&amp#27;[32mTengo una calculadora de salud&amp#27;[0m                                      &amp#27;[90m# healthcalc.bdd.StepDefinitions.tengo_una_calculadora_de_salud()&amp#27;[0m
  &amp#27;[32mAnd &amp#27;[0m&amp#27;[32mIntroduzco el genero &amp#27;[0m&amp#27;[32m&amp#27;[1m"9"&amp#27;[0m                                              &amp#27;[90m# healthcalc.bdd.StepDefinitions.introduzco_el_genero(java.lang.String)&amp#27;[0m
  &amp#27;[32mAnd &amp#27;[0m&amp#27;[32mIntroduzco la altura &amp#27;[0m&amp#27;[32m&amp#27;[1m"170"&amp#27;[0m                                            &amp#27;[90m# healthcalc.bdd.StepDefinitions.introduzco_la_altura(java.lang.String)&amp#27;[0m
  &amp#27;[32mWhen &amp#27;[0m&amp#27;[32mCalcular el peso ideal&amp#27;[0m                                               &amp#27;[90m# healthcalc.bdd.StepDefinitions.calcular_el_peso_ideal()&amp#27;[0m
  &amp#27;[32mThen &amp#27;[0m&amp#27;[32mEl sistema lanza una excepcion indicando que el genero es incorrecto&amp#27;[0m &amp#27;[90m# healthcalc.bdd.StepDefinitions.el_sistema_lanza_una_excepcion_indicando_que_el_genero_es_incorrecto()&amp#27;[0m
]]></system-out>
  </testcase>
  <testcase name="Example #2" classname="Examples" time="0.02">
    <system-out><![CDATA[
@tag @tag2
Scenario Outline: Altura invalida                                           &amp#27;[90m# healthcalc/HistoriaUsuario1.feature:47&amp#27;[0m
  &amp#27;[32mGiven &amp#27;[0m&amp#27;[32mTengo una calculadora de salud&amp#27;[0m                                      &amp#27;[90m# healthcalc.bdd.StepDefinitions.tengo_una_calculadora_de_salud()&amp#27;[0m
  &amp#27;[32mAnd &amp#27;[0m&amp#27;[32mIntroduzco la altura &amp#27;[0m&amp#27;[32m&amp#27;[1m"300"&amp#27;[0m                                            &amp#27;[90m# healthcalc.bdd.StepDefinitions.introduzco_la_altura(java.lang.String)&amp#27;[0m
  &amp#27;[32mAnd &amp#27;[0m&amp#27;[32mIntroduzco el genero &amp#27;[0m&amp#27;[32m&amp#27;[1m"w"&amp#27;[0m                                              &amp#27;[90m# healthcalc.bdd.StepDefinitions.introduzco_el_genero(java.lang.String)&amp#27;[0m
  &amp#27;[32mWhen &amp#27;[0m&amp#27;[32mCalcular el peso ideal&amp#27;[0m                                               &amp#27;[90m# healthcalc.bdd.StepDefinitions.calcular_el_peso_ideal()&amp#27;[0m
  &amp#27;[32mThen &amp#27;[0m&amp#27;[32mEl sistema lanza una excepcion indicando que la altura es incorrecta&amp#27;[0m &amp#27;[90m# healthcalc.bdd.StepDefinitions.el_sistema_lanza_una_excepcion_indicando_que_la_altura_es_incorrecta()&amp#27;[0m
]]></system-out>
  </testcase>
  <testcase name="Example #2" classname="Examples" time="0.015">
    <system-out><![CDATA[
@tag @tag3
Scenario Outline: Calcular con la altura y el genero validos &amp#27;[90m# healthcalc/HistoriaUsuario1.feature:60&amp#27;[0m
  &amp#27;[32mGiven &amp#27;[0m&amp#27;[32mTengo una calculadora de salud&amp#27;[0m                       &amp#27;[90m# healthcalc.bdd.StepDefinitions.tengo_una_calculadora_de_salud()&amp#27;[0m
  &amp#27;[32mAnd &amp#27;[0m&amp#27;[32mIntroduzco la altura &amp#27;[0m&amp#27;[32m&amp#27;[1m"160"&amp#27;[0m                             &amp#27;[90m# healthcalc.bdd.StepDefinitions.introduzco_la_altura(java.lang.String)&amp#27;[0m
  &amp#27;[32mAnd &amp#27;[0m&amp#27;[32mIntroduzco el genero &amp#27;[0m&amp#27;[32m&amp#27;[1m"m"&amp#27;[0m                               &amp#27;[90m# healthcalc.bdd.StepDefinitions.introduzco_el_genero(java.lang.String)&amp#27;[0m
  &amp#27;[32mWhen &amp#27;[0m&amp#27;[32mCalcular el peso ideal&amp#27;[0m                                &amp#27;[90m# healthcalc.bdd.StepDefinitions.calcular_el_peso_ideal()&amp#27;[0m
  &amp#27;[32mThen &amp#27;[0m&amp#27;[32mSe muestra el resultado &amp#27;[0m&amp#27;[32m&amp#27;[1m57.5&amp#27;[0m                          &amp#27;[90m# healthcalc.bdd.StepDefinitions.se_muestra_el_resultado(java.lang.Double)&amp#27;[0m
]]></system-out>
  </testcase>
  <testcase name="Example #2" classname="Examples" time="0.008">
    <system-out><![CDATA[
@tag @tag4
Scenario Outline: Genero vacio                                               &amp#27;[90m# healthcalc/HistoriaUsuario1.feature:74&amp#27;[0m
  &amp#27;[32mGiven &amp#27;[0m&amp#27;[32mTengo una calculadora de salud&amp#27;[0m                                       &amp#27;[90m# healthcalc.bdd.StepDefinitions.tengo_una_calculadora_de_salud()&amp#27;[0m
  &amp#27;[32mAnd &amp#27;[0m&amp#27;[32mel genero no tiene valor&amp#27;[0m                                               &amp#27;[90m# healthcalc.bdd.StepDefinitions.el_genero_no_tiene_valor()&amp#27;[0m
  &amp#27;[32mAnd &amp#27;[0m&amp#27;[32mIntroduzco la altura &amp#27;[0m&amp#27;[32m&amp#27;[1m"170"&amp#27;[0m                                             &amp#27;[90m# healthcalc.bdd.StepDefinitions.introduzco_la_altura(java.lang.String)&amp#27;[0m
  &amp#27;[32mWhen &amp#27;[0m&amp#27;[32mCalcular el peso ideal&amp#27;[0m                                                &amp#27;[90m# healthcalc.bdd.StepDefinitions.calcular_el_peso_ideal()&amp#27;[0m
  &amp#27;[32mThen &amp#27;[0m&amp#27;[32mEl sistema lanza una excepcion indicando que el genero es obligatorio&amp#27;[0m &amp#27;[90m# healthcalc.bdd.StepDefinitions.el_sistema_lanza_una_excepcion_indicando_que_el_genero_es_obligatorio()&amp#27;[0m
]]></system-out>
  </testcase>
  <testcase name="Example #2" classname="Examples" time="0.013">
    <system-out><![CDATA[
@tag @tag1
Scenario Outline: Edad invalida                                           &amp#27;[90m# healthcalc/HistoriaUsuario2.feature:37&amp#27;[0m
  &amp#27;[32mGiven &amp#27;[0m&amp#27;[32mTengo una calculadora de salud&amp#27;[0m                                    &amp#27;[90m# healthcalc.bdd.StepDefinitions.tengo_una_calculadora_de_salud()&amp#27;[0m
  &amp#27;[32mAnd &amp#27;[0m&amp#27;[32mEdad introducida es &amp#27;[0m&amp#27;[32m&amp#27;[1m"0"&amp#27;[0m                                             &amp#27;[90m# healthcalc.bdd.StepDefinitions.edad_introducida_es(java.lang.String)&amp#27;[0m
  &amp#27;[32mAnd &amp#27;[0m&amp#27;[32mIntroduzco la altura &amp#27;[0m&amp#27;[32m&amp#27;[1m"170"&amp#27;[0m                                          &amp#27;[90m# healthcalc.bdd.StepDefinitions.introduzco_la_altura(java.lang.String)&amp#27;[0m
  &amp#27;[32mAnd &amp#27;[0m&amp#27;[32mIntroduzco el peso &amp#27;[0m&amp#27;[32m&amp#27;[1m"70"&amp#27;[0m                                             &amp#27;[90m# healthcalc.bdd.StepDefinitions.introduzco_el_peso(java.lang.String)&amp#27;[0m
  &amp#27;[32mAnd &amp#27;[0m&amp#27;[32mIntroduzco el genero &amp#27;[0m&amp#27;[32m&amp#27;[1m"w"&amp#27;[0m                                            &amp#27;[90m# healthcalc.bdd.StepDefinitions.introduzco_el_genero(java.lang.String)&amp#27;[0m
  &amp#27;[32mWhen &amp#27;[0m&amp#27;[32mCalcular TasaMetabolica&amp#27;[0m                                            &amp#27;[90m# healthcalc.bdd.StepDefinitions.calcular_tasa_metabolica()&amp#27;[0m
  &amp#27;[32mThen &amp#27;[0m&amp#27;[32mEl sistema lanza una excepcion indicando que la edad es incorrecto&amp#27;[0m &amp#27;[90m# healthcalc.bdd.StepDefinitions.el_sistema_lanza_una_excepcion_indicando_que_la_edad_es_incorrecto()&amp#27;[0m
]]></system-out>
  </testcase>
  <testcase name="Example #2" classname="Examples" time="0.011">
    <system-out><![CDATA[
@tag @tag2
Scenario Outline: Introduzco peso invalido                                &amp#27;[90m# healthcalc/HistoriaUsuario2.feature:51&amp#27;[0m
  &amp#27;[32mGiven &amp#27;[0m&amp#27;[32mTengo una calculadora de salud&amp#27;[0m                                    &amp#27;[90m# healthcalc.bdd.StepDefinitions.tengo_una_calculadora_de_salud()&amp#27;[0m
  &amp#27;[32mAnd &amp#27;[0m&amp#27;[32mIntroduzco el peso &amp#27;[0m&amp#27;[32m&amp#27;[1m"800"&amp#27;[0m                                            &amp#27;[90m# healthcalc.bdd.StepDefinitions.introduzco_el_peso(java.lang.String)&amp#27;[0m
  &amp#27;[32mAnd &amp#27;[0m&amp#27;[32mIntroduzco el genero &amp#27;[0m&amp#27;[32m&amp#27;[1m"w"&amp#27;[0m                                            &amp#27;[90m# healthcalc.bdd.StepDefinitions.introduzco_el_genero(java.lang.String)&amp#27;[0m
  &amp#27;[32mAnd &amp#27;[0m&amp#27;[32mIntroduzco la altura &amp#27;[0m&amp#27;[32m&amp#27;[1m"170"&amp#27;[0m                                          &amp#27;[90m# healthcalc.bdd.StepDefinitions.introduzco_la_altura(java.lang.String)&amp#27;[0m
  &amp#27;[32mAnd &amp#27;[0m&amp#27;[32mEdad introducida es &amp#27;[0m&amp#27;[32m&amp#27;[1m"30"&amp#27;[0m                                            &amp#27;[90m# healthcalc.bdd.StepDefinitions.edad_introducida_es(java.lang.String)&amp#27;[0m
  &amp#27;[32mWhen &amp#27;[0m&amp#27;[32mCalcular TasaMetabolica&amp#27;[0m                                            &amp#27;[90m# healthcalc.bdd.StepDefinitions.calcular_tasa_metabolica()&amp#27;[0m
  &amp#27;[32mThen &amp#27;[0m&amp#27;[32mEl sistema lanza una excepcion indicando que el peso es incorrecto&amp#27;[0m &amp#27;[90m# healthcalc.bdd.StepDefinitions.el_sistema_lanza_una_excepcion_indicando_que_el_peso_es_incorrecto()&amp#27;[0m
]]></system-out>
  </testcase>
  <testcase name="Example #2" classname="Examples" time="0.01">
    <system-out><![CDATA[
@tag @tag3
Scenario Outline: Calcular con el genero, altura, peso y edad validos &amp#27;[90m# healthcalc/HistoriaUsuario2.feature:64&amp#27;[0m
  &amp#27;[32mGiven &amp#27;[0m&amp#27;[32mTengo una calculadora de salud&amp#27;[0m                                &amp#27;[90m# healthcalc.bdd.StepDefinitions.tengo_una_calculadora_de_salud()&amp#27;[0m
  &amp#27;[32mAnd &amp#27;[0m&amp#27;[32mIntroduzco el genero &amp#27;[0m&amp#27;[32m&amp#27;[1m"w"&amp#27;[0m                                        &amp#27;[90m# healthcalc.bdd.StepDefinitions.introduzco_el_genero(java.lang.String)&amp#27;[0m
  &amp#27;[32mAnd &amp#27;[0m&amp#27;[32mIntroduzco la altura &amp#27;[0m&amp#27;[32m&amp#27;[1m"170"&amp#27;[0m                                      &amp#27;[90m# healthcalc.bdd.StepDefinitions.introduzco_la_altura(java.lang.String)&amp#27;[0m
  &amp#27;[32mAnd &amp#27;[0m&amp#27;[32mIntroduzco el peso &amp#27;[0m&amp#27;[32m&amp#27;[1m"70"&amp#27;[0m                                         &amp#27;[90m# healthcalc.bdd.StepDefinitions.introduzco_el_peso(java.lang.String)&amp#27;[0m
  &amp#27;[32mAnd &amp#27;[0m&amp#27;[32mEdad introducida es &amp#27;[0m&amp#27;[32m&amp#27;[1m"30"&amp#27;[0m                                        &amp#27;[90m# healthcalc.bdd.StepDefinitions.edad_introducida_es(java.lang.String)&amp#27;[0m
  &amp#27;[32mWhen &amp#27;[0m&amp#27;[32mCalcular TasaMetabolica&amp#27;[0m                                        &amp#27;[90m# healthcalc.bdd.StepDefinitions.calcular_tasa_metabolica()&amp#27;[0m
  &amp#27;[32mThen &amp#27;[0m&amp#27;[32mSe muestra el resultado &amp#27;[0m&amp#27;[32m&amp#27;[1m1491.6429443359375&amp#27;[0m                     &amp#27;[90m# healthcalc.bdd.StepDefinitions.se_muestra_el_resultado(java.lang.Double)&amp#27;[0m
]]></system-out>
  </testcase>
  <testcase name="Example #2" classname="Examples" time="0.009">
    <system-out><![CDATA[
@tag @tag4
Scenario Outline: Edad vacio                                                    &amp#27;[90m# healthcalc/HistoriaUsuario2.feature:80&amp#27;[0m
  &amp#27;[32mGiven &amp#27;[0m&amp#27;[32mTengo una calculadora de salud&amp#27;[0m                                          &amp#27;[90m# healthcalc.bdd.StepDefinitions.tengo_una_calculadora_de_salud()&amp#27;[0m
  &amp#27;[32mAnd &amp#27;[0m&amp#27;[32mla edad no tiene valor&amp#27;[0m                                                    &amp#27;[90m# healthcalc.bdd.StepDefinitions.la_edad_no_tiene_valor()&amp#27;[0m
  &amp#27;[32mAnd &amp#27;[0m&amp#27;[32mIntroduzco el peso &amp#27;[0m&amp#27;[32m&amp#27;[1m"70"&amp#27;[0m                                                   &amp#27;[90m# healthcalc.bdd.StepDefinitions.introduzco_el_peso(java.lang.String)&amp#27;[0m
  &amp#27;[32mAnd &amp#27;[0m&amp#27;[32mIntroduzco la altura &amp#27;[0m&amp#27;[32m&amp#27;[1m"170"&amp#27;[0m                                                &amp#27;[90m# healthcalc.bdd.StepDefinitions.introduzco_la_altura(java.lang.String)&amp#27;[0m
  &amp#27;[32mAnd &amp#27;[0m&amp#27;[32mIntroduzco el genero &amp#27;[0m&amp#27;[32m&amp#27;[1m"w"&amp#27;[0m                                                  &amp#27;[90m# healthcalc.bdd.StepDefinitions.introduzco_el_genero(java.lang.String)&amp#27;[0m
  &amp#27;[32mWhen &amp#27;[0m&amp#27;[32mCalcular TasaMetabolica&amp#27;[0m                                                  &amp#27;[90m# healthcalc.bdd.StepDefinitions.calcular_tasa_metabolica()&amp#27;[0m
  &amp#27;[32mThen &amp#27;[0m&amp#27;[32mse muestra un error por la pantalla indicando que la edad es obligatorio&amp#27;[0m &amp#27;[90m# healthcalc.bdd.StepDefinitions.se_muestra_un_error_por_la_pantalla_indicando_que_la_edad_es_obligatorio()&amp#27;[0m
]]></system-out>
  </testcase>
  <testcase name="Example #3" classname="Examples" time="0.016">
    <system-out><![CDATA[
@tag @tag3
Scenario Outline: Calcular con la altura y el genero validos &amp#27;[90m# healthcalc/HistoriaUsuario1.feature:61&amp#27;[0m
  &amp#27;[32mGiven &amp#27;[0m&amp#27;[32mTengo una calculadora de salud&amp#27;[0m                       &amp#27;[90m# healthcalc.bdd.StepDefinitions.tengo_una_calculadora_de_salud()&amp#27;[0m
  &amp#27;[32mAnd &amp#27;[0m&amp#27;[32mIntroduzco la altura &amp#27;[0m&amp#27;[32m&amp#27;[1m"160"&amp#27;[0m                             &amp#27;[90m# healthcalc.bdd.StepDefinitions.introduzco_la_altura(java.lang.String)&amp#27;[0m
  &amp#27;[32mAnd &amp#27;[0m&amp#27;[32mIntroduzco el genero &amp#27;[0m&amp#27;[32m&amp#27;[1m"w"&amp#27;[0m                               &amp#27;[90m# healthcalc.bdd.StepDefinitions.introduzco_el_genero(java.lang.String)&amp#27;[0m
  &amp#27;[32mWhen &amp#27;[0m&amp#27;[32mCalcular el peso ideal&amp#27;[0m                                &amp#27;[90m# healthcalc.bdd.StepDefinitions.calcular_el_peso_ideal()&amp#27;[0m
  &amp#27;[32mThen &amp#27;[0m&amp#27;[32mSe muestra el resultado &amp#27;[0m&amp#27;[32m&amp#27;[1m56.0&amp#27;[0m                          &amp#27;[90m# healthcalc.bdd.StepDefinitions.se_muestra_el_resultado(java.lang.Double)&amp#27;[0m
]]></system-out>
  </testcase>
  <testcase name="Example #3" classname="Examples" time="0.01">
    <system-out><![CDATA[
@tag @tag3
Scenario Outline: Calcular con el genero, altura, peso y edad validos &amp#27;[90m# healthcalc/HistoriaUsuario2.feature:65&amp#27;[0m
  &amp#27;[32mGiven &amp#27;[0m&amp#27;[32mTengo una calculadora de salud&amp#27;[0m                                &amp#27;[90m# healthcalc.bdd.StepDefinitions.tengo_una_calculadora_de_salud()&amp#27;[0m
  &amp#27;[32mAnd &amp#27;[0m&amp#27;[32mIntroduzco el genero &amp#27;[0m&amp#27;[32m&amp#27;[1m"m"&amp#27;[0m                                        &amp#27;[90m# healthcalc.bdd.StepDefinitions.introduzco_el_genero(java.lang.String)&amp#27;[0m
  &amp#27;[32mAnd &amp#27;[0m&amp#27;[32mIntroduzco la altura &amp#27;[0m&amp#27;[32m&amp#27;[1m"160"&amp#27;[0m                                      &amp#27;[90m# healthcalc.bdd.StepDefinitions.introduzco_la_altura(java.lang.String)&amp#27;[0m
  &amp#27;[32mAnd &amp#27;[0m&amp#27;[32mIntroduzco el peso &amp#27;[0m&amp#27;[32m&amp#27;[1m"52"&amp#27;[0m                                         &amp#27;[90m# healthcalc.bdd.StepDefinitions.introduzco_el_peso(java.lang.String)&amp#27;[0m
  &amp#27;[32mAnd &amp#27;[0m&amp#27;[32mEdad introducida es &amp#27;[0m&amp#27;[32m&amp#27;[1m"25"&amp#27;[0m                                        &amp#27;[90m# healthcalc.bdd.StepDefinitions.edad_introducida_es(java.lang.String)&amp#27;[0m
  &amp#27;[32mWhen &amp#27;[0m&amp#27;[32mCalcular TasaMetabolica&amp#27;[0m                                        &amp#27;[90m# healthcalc.bdd.StepDefinitions.calcular_tasa_metabolica()&amp#27;[0m
  &amp#27;[32mThen &amp#27;[0m&amp#27;[32mSe muestra el resultado &amp#27;[0m&amp#27;[32m&amp#27;[1m1410.9208984375&amp#27;[0m                        &amp#27;[90m# healthcalc.bdd.StepDefinitions.se_muestra_el_resultado(java.lang.Double)&amp#27;[0m
]]></system-out>
  </testcase>
  <testcase name="Example #4" classname="Examples" time="0.007">
    <system-out><![CDATA[
@tag @tag3
Scenario Outline: Calcular con el genero, altura, peso y edad validos &amp#27;[90m# healthcalc/HistoriaUsuario2.feature:66&amp#27;[0m
  &amp#27;[32mGiven &amp#27;[0m&amp#27;[32mTengo una calculadora de salud&amp#27;[0m                                &amp#27;[90m# healthcalc.bdd.StepDefinitions.tengo_una_calculadora_de_salud()&amp#27;[0m
  &amp#27;[32mAnd &amp#27;[0m&amp#27;[32mIntroduzco el genero &amp#27;[0m&amp#27;[32m&amp#27;[1m"w"&amp#27;[0m                                        &amp#27;[90m# healthcalc.bdd.StepDefinitions.introduzco_el_genero(java.lang.String)&amp#27;[0m
  &amp#27;[32mAnd &amp#27;[0m&amp#27;[32mIntroduzco la altura &amp#27;[0m&amp#27;[32m&amp#27;[1m"170"&amp#27;[0m                                      &amp#27;[90m# healthcalc.bdd.StepDefinitions.introduzco_la_altura(java.lang.String)&amp#27;[0m
  &amp#27;[32mAnd &amp#27;[0m&amp#27;[32mIntroduzco el peso &amp#27;[0m&amp#27;[32m&amp#27;[1m"80"&amp#27;[0m                                         &amp#27;[90m# healthcalc.bdd.StepDefinitions.introduzco_el_peso(java.lang.String)&amp#27;[0m
  &amp#27;[32mAnd &amp#27;[0m&amp#27;[32mEdad introducida es &amp#27;[0m&amp#27;[32m&amp#27;[1m"30"&amp#27;[0m                                        &amp#27;[90m# healthcalc.bdd.StepDefinitions.edad_introducida_es(java.lang.String)&amp#27;[0m
  &amp#27;[32mWhen &amp#27;[0m&amp#27;[32mCalcular TasaMetabolica&amp#27;[0m                                        &amp#27;[90m# healthcalc.bdd.StepDefinitions.calcular_tasa_metabolica()&amp#27;[0m
  &amp#27;[32mThen &amp#27;[0m&amp#27;[32mSe muestra el resultado &amp#27;[0m&amp#27;[32m&amp#27;[1m1584.113037109375&amp#27;[0m                      &amp#27;[90m# healthcalc.bdd.StepDefinitions.se_muestra_el_resultado(java.lang.Double)&amp#27;[0m
]]></system-out>
  </testcase>
</testsuite>